<?xml version="1.0" encoding="UTF-8"?>
<!-- Generated by org.testng.reporters.JUnitReportReporter -->
<testsuite hostname="DESKTOP-2RH5LLD" failures="0" tests="1" name="testassure.test" time="10.146" errors="0" timestamp="25 Sep 2024 19:10:41 GMT">
  <testcase classname="testassure.test" name="login" time="10.146"/>
</testsuite> <!-- testassure.test -->
