<?xml version="1.0" encoding="UTF-8"?>
<!-- Generated by org.testng.reporters.JUnitReportReporter -->
<testsuite hostname="DESKTOP-2RH5LLD" failures="0" tests="1" name="jsonlogintest.login" time="13.283" errors="0" timestamp="25 Sep 2024 19:25:05 GMT">
  <testcase classname="jsonlogintest.login" name="login1" time="13.283"/>
</testsuite> <!-- jsonlogintest.login -->
