<?xml version="1.0" encoding="UTF-8"?>
<!-- Generated by org.testng.reporters.JUnitReportReporter -->
<testsuite hostname="DESKTOP-2RH5LLD" failures="0" tests="1" name="test.Logintest" time="19.835" errors="0" timestamp="4 Oct 2024 20:54:07 GMT">
  <testcase classname="test.Logintest" name="getdata" time="19.835"/>
</testsuite> <!-- test.Logintest -->
