<?xml version="1.0" encoding="UTF-8"?>
<!-- Generated by org.testng.reporters.JUnitReportReporter -->
<testsuite hostname="DESKTOP-2RH5LLD" failures="0" tests="1" name="test.Logintest" time="3.390" errors="0" timestamp="30 Sep 2024 19:01:47 GMT">
  <testcase classname="test.Logintest" name="delete" time="3.390"/>
</testsuite> <!-- test.Logintest -->
