<?xml version="1.0" encoding="UTF-8"?>
<!-- Generated by org.testng.reporters.JUnitReportReporter -->
<testsuite hostname="DESKTOP-2RH5LLD" failures="0" tests="1" name="jsonlogintest.login" time="21.720" errors="0" timestamp="4 Oct 2024 20:43:17 GMT">
  <testcase classname="jsonlogintest.login" name="login1" time="21.720"/>
</testsuite> <!-- jsonlogintest.login -->
